<?xml version="1.0" encoding="UTF-8"?>
<testsuite xmlns:xsi="http://www.w3.org/2001/XMLSchema-instance" xsi:noNamespaceSchemaLocation="https://maven.apache.org/surefire/maven-surefire-plugin/xsd/surefire-test-report.xsd" name="calendar.ApptTest" time="0.001" tests="6" errors="1" skipped="0" failures="0">
  <properties>
[...]
</properties>
  <testcase name="test01" classname="calendar.ApptTest" time="0"/>
  <testcase name="test02" classname="calendar.ApptTest" time="0"/>
  <testcase name="test03" classname="calendar.ApptTest" time="0.001">
    <error message="12" type="java.lang.ArrayIndexOutOfBoundsException">java.lang.ArrayIndexOutOfBoundsException: 12
	at calendar.ApptTest.test03(ApptTest.java:204)
</error>
  </testcase>
  <testcase name="test04" classname="calendar.ApptTest" time="0"/>
  <testcase name="test05" classname="calendar.ApptTest" time="0"/>
  <testcase name="test06" classname="calendar.ApptTest" time="0"/>
</testsuite>